<?xml version="1.0" encoding="UTF-8"?>
<!-- Generated by org.testng.reporters.JUnitReportReporter -->
<testsuite hostname="ArseneSuresh" name="TestNg" tests="1" failures="0" timestamp="6 Apr 2014 17:19:20 GMT" time="0.032" errors="0">
  <testcase name="first" time="0.032" classname="TestNg"/>
</testsuite> <!-- TestNg -->
